This script [4m[1mneeds(B[m to be run as [4m[31msudo(B[m. Did you run as [31m[4msudo(B[m ([32my(B[m/[31mn(B[m)? Please enter the name of your [36marchiso(B[m profile: Otherwise, enter the name of [4myour user(B[m account (current logged in user): warning: archiso-68-1 is up to date -- reinstalling
warning: hardcode-fixer-git: local (1:r545.ba5d874-1) is newer than xerolinux_repo (2.0-1)
Would you like to change any of them? ([32my(B[m/[31mn(B[m) [36m1(B[m:Name , [36m2(B[m:Label , [36m3(B[m:Publisher , [36m4(B[m:Application , [36m5(B[m:Version , [31m6(B[m:[31mFinished(B[m! : [4mCurrent(B[m [36mISO version(B[m is [4m0.0.1a(B[m. What should be the [1mversion instead(B[m? : [36m1(B[m:Name , [36m2(B[m:Label , [36m3(B[m:Publisher , [36m4(B[m:Application , [36m5(B[m:Version , [31m6(B[m:[31mFinished(B[m! : warning: removing 'openresolv' from target list because it conflicts with 'systemd-resolvconf'
warning: dependency cycle detected:
warning: lib32-keyutils will be installed before its lib32-krb5 dependency
warning: dependency cycle detected:
warning: libimobiledevice will be installed before its usbmuxd dependency
warning: dependency cycle detected:
warning: harfbuzz will be installed before its freetype2 dependency
warning: dependency cycle detected:
warning: libglvnd will be installed before its mesa dependency
warning: dependency cycle detected:
warning: cifs-utils will be installed before its smbclient dependency
warning: /home/key/safekeep/gitRepos/002SE/ignore/002SE-build/x86_64/airootfs/etc/group installed as /home/key/safekeep/gitRepos/002SE/ignore/002SE-build/x86_64/airootfs/etc/group.pacnew
warning: /home/key/safekeep/gitRepos/002SE/ignore/002SE-build/x86_64/airootfs/etc/gshadow installed as /home/key/safekeep/gitRepos/002SE/ignore/002SE-build/x86_64/airootfs/etc/gshadow.pacnew
warning: /home/key/safekeep/gitRepos/002SE/ignore/002SE-build/x86_64/airootfs/etc/nsswitch.conf installed as /home/key/safekeep/gitRepos/002SE/ignore/002SE-build/x86_64/airootfs/etc/nsswitch.conf.pacnew
warning: /home/key/safekeep/gitRepos/002SE/ignore/002SE-build/x86_64/airootfs/etc/passwd installed as /home/key/safekeep/gitRepos/002SE/ignore/002SE-build/x86_64/airootfs/etc/passwd.pacnew
warning: /home/key/safekeep/gitRepos/002SE/ignore/002SE-build/x86_64/airootfs/etc/shadow installed as /home/key/safekeep/gitRepos/002SE/ignore/002SE-build/x86_64/airootfs/etc/shadow.pacnew
warning: directory permissions differ on /home/key/safekeep/gitRepos/002SE/ignore/002SE-build/x86_64/airootfs/root/
filesystem: 700  package: 750
warning: /home/key/safekeep/gitRepos/002SE/ignore/002SE-build/x86_64/airootfs/etc/skel/.bash_profile installed as /home/key/safekeep/gitRepos/002SE/ignore/002SE-build/x86_64/airootfs/etc/skel/.bash_profile.pacnew
warning: /home/key/safekeep/gitRepos/002SE/ignore/002SE-build/x86_64/airootfs/etc/skel/.bashrc installed as /home/key/safekeep/gitRepos/002SE/ignore/002SE-build/x86_64/airootfs/etc/skel/.bashrc.pacnew
warning: /home/key/safekeep/gitRepos/002SE/ignore/002SE-build/x86_64/airootfs/etc/environment installed as /home/key/safekeep/gitRepos/002SE/ignore/002SE-build/x86_64/airootfs/etc/environment.pacnew
warning: /home/key/safekeep/gitRepos/002SE/ignore/002SE-build/x86_64/airootfs/etc/pacman.d/mirrorlist installed as /home/key/safekeep/gitRepos/002SE/ignore/002SE-build/x86_64/airootfs/etc/pacman.d/mirrorlist.pacnew
warning: /home/key/safekeep/gitRepos/002SE/ignore/002SE-build/x86_64/airootfs/etc/pacman.conf installed as /home/key/safekeep/gitRepos/002SE/ignore/002SE-build/x86_64/airootfs/etc/pacman.conf.pacnew
warning: /home/key/safekeep/gitRepos/002SE/ignore/002SE-build/x86_64/airootfs/etc/default/grub installed as /home/key/safekeep/gitRepos/002SE/ignore/002SE-build/x86_64/airootfs/etc/default/grub.pacnew
warning: /home/key/safekeep/gitRepos/002SE/ignore/002SE-build/x86_64/airootfs/etc/systemd/journald.conf installed as /home/key/safekeep/gitRepos/002SE/ignore/002SE-build/x86_64/airootfs/etc/systemd/journald.conf.pacnew
warning: /home/key/safekeep/gitRepos/002SE/ignore/002SE-build/x86_64/airootfs/etc/systemd/logind.conf installed as /home/key/safekeep/gitRepos/002SE/ignore/002SE-build/x86_64/airootfs/etc/systemd/logind.conf.pacnew
warning: /home/key/safekeep/gitRepos/002SE/ignore/002SE-build/x86_64/airootfs/etc/mkinitcpio.conf installed as /home/key/safekeep/gitRepos/002SE/ignore/002SE-build/x86_64/airootfs/etc/mkinitcpio.conf.pacnew
warning: /home/key/safekeep/gitRepos/002SE/ignore/002SE-build/x86_64/airootfs/etc/nanorc installed as /home/key/safekeep/gitRepos/002SE/ignore/002SE-build/x86_64/airootfs/etc/nanorc.pacnew
warning: /home/key/safekeep/gitRepos/002SE/ignore/002SE-build/x86_64/airootfs/etc/ssh/sshd_config installed as /home/key/safekeep/gitRepos/002SE/ignore/002SE-build/x86_64/airootfs/etc/ssh/sshd_config.pacnew
warning: /home/key/safekeep/gitRepos/002SE/ignore/002SE-build/x86_64/airootfs/etc/xdg/reflector/reflector.conf installed as /home/key/safekeep/gitRepos/002SE/ignore/002SE-build/x86_64/airootfs/etc/xdg/reflector/reflector.conf.pacnew
warning: /home/key/safekeep/gitRepos/002SE/ignore/002SE-build/x86_64/airootfs/etc/NetworkManager/NetworkManager.conf installed as /home/key/safekeep/gitRepos/002SE/ignore/002SE-build/x86_64/airootfs/etc/NetworkManager/NetworkManager.conf.pacnew
error: command failed to execute correctly
error: command failed to execute correctly
Unrecognised xattr prefix system.posix_acl_default
Unrecognised xattr prefix system.posix_acl_access
Unrecognised xattr prefix system.posix_acl_default
Unrecognised xattr prefix system.posix_acl_access
Unrecognised xattr prefix system.posix_acl_default
xorriso 1.5.4 : RockRidge filesystem manipulator, libburnia project.

xorriso : NOTE : Environment variable SOURCE_DATE_EPOCH encountered with value 1667244139
Drive current: -outdev 'stdio:/home/key/safekeep/gitRepos/002SE/ignore/002SE-isos/002-Server-Edition-Alpha-0.0.1b-x86_64.iso'
Media current: stdio file, overwriteable
Media status : is blank
Media summary: 0 sessions, 0 data blocks, 0 data,  877g free
xorriso : WARNING : -volid text does not comply to ISO 9660 / ECMA 119 rules
Added to ISO image: directory '/'='/home/key/safekeep/gitRepos/002SE/ignore/002SE-build/iso'
xorriso : UPDATE :     107 files added in 1 seconds
xorriso : UPDATE :     107 files added in 1 seconds
xorriso : NOTE : Copying to System Area: 432 bytes from file '/home/key/safekeep/gitRepos/002SE/ignore/002SE-build/iso/syslinux/isohdpfx.bin'
libisofs: NOTE : Automatically adjusted MBR geometry to 1022/121/32
libisofs: NOTE : Aligned image size to cylinder size by 219 blocks
xorriso : UPDATE :  11.40% done
xorriso : UPDATE :  65.06% done
xorriso : UPDATE :  96.17% done
ISO image produced: 1096982 sectors
Written to medium : 1096982 sectors at LBA 0
Writing to 'stdio:/home/key/safekeep/gitRepos/002SE/ignore/002SE-isos/002-Server-Edition-Alpha-0.0.1b-x86_64.iso' completed successfully.

